<?xml version="1.0" encoding="UTF-8"?>
<!-- Generated by org.testng.reporters.JUnitXMLReporter -->
<testsuite ignored="0" hostname="LAPTOP-0JO53AU0" failures="3" tests="3" name="Nopackage" time="7.237" errors="0" timestamp="18 Oct 2023 22:05:20 GMT">
  <testcase classname="io.cucumber.testng.AbstractTestNGCucumberTests" name="runScenario" time="3.303">
    <failure type="org.openqa.selenium.SessionNotCreatedException" message="session not created: This version of ChromeDriver only supports Chrome version 114
Current browser version is 118.0.5993.88 with binary path C:\Program Files\Google\Chrome\Application\chrome.exe
Build info: version: &amp;apos;3.141.59&amp;apos;, revision: &amp;apos;e82be7d358&amp;apos;, time: &amp;apos;2018-11-14T08:17:03&amp;apos;
System info: host: &amp;apos;LAPTOP-0JO53AU0&amp;apos;, ip: &amp;apos;192.168.1.188&amp;apos;, os.name: &amp;apos;Windows 10&amp;apos;, os.arch: &amp;apos;amd64&amp;apos;, os.version: &amp;apos;10.0&amp;apos;, java.version: &amp;apos;17.0.7&amp;apos;
Driver info: driver.version: ChromeDriver
remote stacktrace: Backtrace:
	GetHandleVerifier [0x00F3A813+48355]
	(No symbol) [0x00ECC4B1]
	(No symbol) [0x00DD5358]
	(No symbol) [0x00DF61AC]
	(No symbol) [0x00DF1EF3]
	(No symbol) [0x00DF0579]
	(No symbol) [0x00E20C55]
	(No symbol) [0x00E2093C]
	(No symbol) [0x00E1A536]
	(No symbol) [0x00DF82DC]
	(No symbol) [0x00DF93DD]
	GetHandleVerifier [0x0119AABD+2539405]
	GetHandleVerifier [0x011DA78F+2800735]
	GetHandleVerifier [0x011D456C+2775612]
	GetHandleVerifier [0x00FC51E0+616112]
	(No symbol) [0x00ED5F8C]
	(No symbol) [0x00ED2328]
	(No symbol) [0x00ED240B]
	(No symbol) [0x00EC4FF7]
	BaseThreadInitThunk [0x775500C9+25]
	RtlGetAppContainerNamedObjectPath [0x776E7B4E+286]
	RtlGetAppContainerNamedObjectPath [0x776E7B1E+238]
">
      <![CDATA[org.openqa.selenium.SessionNotCreatedException: session not created: This version of ChromeDriver only supports Chrome version 114
Current browser version is 118.0.5993.88 with binary path C:\Program Files\Google\Chrome\Application\chrome.exe
Build info: version: '3.141.59', revision: 'e82be7d358', time: '2018-11-14T08:17:03'
System info: host: 'LAPTOP-0JO53AU0', ip: '192.168.1.188', os.name: 'Windows 10', os.arch: 'amd64', os.version: '10.0', java.version: '17.0.7'
Driver info: driver.version: ChromeDriver
remote stacktrace: Backtrace:
GetHandleVerifier [0x00F3A813+48355]
(No symbol) [0x00ECC4B1]
(No symbol) [0x00DD5358]
(No symbol) [0x00DF61AC]
(No symbol) [0x00DF1EF3]
(No symbol) [0x00DF0579]
(No symbol) [0x00E20C55]
(No symbol) [0x00E2093C]
(No symbol) [0x00E1A536]
(No symbol) [0x00DF82DC]
(No symbol) [0x00DF93DD]
GetHandleVerifier [0x0119AABD+2539405]
GetHandleVerifier [0x011DA78F+2800735]
GetHandleVerifier [0x011D456C+2775612]
GetHandleVerifier [0x00FC51E0+616112]
(No symbol) [0x00ED5F8C]
(No symbol) [0x00ED2328]
(No symbol) [0x00ED240B]
(No symbol) [0x00EC4FF7]
BaseThreadInitThunk [0x775500C9+25]
RtlGetAppContainerNamedObjectPath [0x776E7B4E+286]
RtlGetAppContainerNamedObjectPath [0x776E7B1E+238]

at org.openqa.selenium.remote.W3CHandshakeResponse.lambda$errorHandler$0(W3CHandshakeResponse.java:62)
at org.openqa.selenium.remote.HandshakeResponse.lambda$getResponseFunction$0(HandshakeResponse.java:30)
at org.openqa.selenium.remote.ProtocolHandshake.lambda$createSession$0(ProtocolHandshake.java:126)
at java.base/java.util.stream.ReferencePipeline$3$1.accept(ReferencePipeline.java:197)
at java.base/java.util.Spliterators$ArraySpliterator.tryAdvance(Spliterators.java:1002)
at java.base/java.util.stream.ReferencePipeline.forEachWithCancel(ReferencePipeline.java:129)
at java.base/java.util.stream.AbstractPipeline.copyIntoWithCancel(AbstractPipeline.java:527)
at java.base/java.util.stream.AbstractPipeline.copyInto(AbstractPipeline.java:513)
at java.base/java.util.stream.AbstractPipeline.wrapAndCopyInto(AbstractPipeline.java:499)
at java.base/java.util.stream.FindOps$FindOp.evaluateSequential(FindOps.java:150)
at java.base/java.util.stream.AbstractPipeline.evaluate(AbstractPipeline.java:234)
at java.base/java.util.stream.ReferencePipeline.findFirst(ReferencePipeline.java:647)
at org.openqa.selenium.remote.ProtocolHandshake.createSession(ProtocolHandshake.java:128)
at org.openqa.selenium.remote.ProtocolHandshake.createSession(ProtocolHandshake.java:74)
at org.openqa.selenium.remote.HttpCommandExecutor.execute(HttpCommandExecutor.java:136)
at org.openqa.selenium.remote.service.DriverCommandExecutor.execute(DriverCommandExecutor.java:83)
at org.openqa.selenium.remote.RemoteWebDriver.execute(RemoteWebDriver.java:552)
at org.openqa.selenium.remote.RemoteWebDriver.startSession(RemoteWebDriver.java:213)
at org.openqa.selenium.remote.RemoteWebDriver.<init>(RemoteWebDriver.java:131)
at org.openqa.selenium.chrome.ChromeDriver.<init>(ChromeDriver.java:181)
at org.openqa.selenium.chrome.ChromeDriver.<init>(ChromeDriver.java:168)
at org.openqa.selenium.chrome.ChromeDriver.<init>(ChromeDriver.java:123)
at Steps.SearchItems.i_am_on_the_google_homepage(SearchItems.java:25)
at ✽.i am on the google homepage(file:///C:/Users/shour/eclipse-workspace/com.google.serchMachine/Features/searchItems.feature:5)
... Removed 5 stack frames]]>
    </failure>
  </testcase> <!-- runScenario -->
  <testcase classname="io.cucumber.testng.AbstractTestNGCucumberTests" name="runScenario" time="1.615">
    <failure type="org.openqa.selenium.SessionNotCreatedException" message="session not created: This version of ChromeDriver only supports Chrome version 114
Current browser version is 118.0.5993.88 with binary path C:\Program Files\Google\Chrome\Application\chrome.exe
Build info: version: &amp;apos;3.141.59&amp;apos;, revision: &amp;apos;e82be7d358&amp;apos;, time: &amp;apos;2018-11-14T08:17:03&amp;apos;
System info: host: &amp;apos;LAPTOP-0JO53AU0&amp;apos;, ip: &amp;apos;192.168.1.188&amp;apos;, os.name: &amp;apos;Windows 10&amp;apos;, os.arch: &amp;apos;amd64&amp;apos;, os.version: &amp;apos;10.0&amp;apos;, java.version: &amp;apos;17.0.7&amp;apos;
Driver info: driver.version: ChromeDriver
remote stacktrace: Backtrace:
	GetHandleVerifier [0x00F3A813+48355]
	(No symbol) [0x00ECC4B1]
	(No symbol) [0x00DD5358]
	(No symbol) [0x00DF61AC]
	(No symbol) [0x00DF1EF3]
	(No symbol) [0x00DF0579]
	(No symbol) [0x00E20C55]
	(No symbol) [0x00E2093C]
	(No symbol) [0x00E1A536]
	(No symbol) [0x00DF82DC]
	(No symbol) [0x00DF93DD]
	GetHandleVerifier [0x0119AABD+2539405]
	GetHandleVerifier [0x011DA78F+2800735]
	GetHandleVerifier [0x011D456C+2775612]
	GetHandleVerifier [0x00FC51E0+616112]
	(No symbol) [0x00ED5F8C]
	(No symbol) [0x00ED2328]
	(No symbol) [0x00ED240B]
	(No symbol) [0x00EC4FF7]
	BaseThreadInitThunk [0x775500C9+25]
	RtlGetAppContainerNamedObjectPath [0x776E7B4E+286]
	RtlGetAppContainerNamedObjectPath [0x776E7B1E+238]
">
      <![CDATA[org.openqa.selenium.SessionNotCreatedException: session not created: This version of ChromeDriver only supports Chrome version 114
Current browser version is 118.0.5993.88 with binary path C:\Program Files\Google\Chrome\Application\chrome.exe
Build info: version: '3.141.59', revision: 'e82be7d358', time: '2018-11-14T08:17:03'
System info: host: 'LAPTOP-0JO53AU0', ip: '192.168.1.188', os.name: 'Windows 10', os.arch: 'amd64', os.version: '10.0', java.version: '17.0.7'
Driver info: driver.version: ChromeDriver
remote stacktrace: Backtrace:
GetHandleVerifier [0x00F3A813+48355]
(No symbol) [0x00ECC4B1]
(No symbol) [0x00DD5358]
(No symbol) [0x00DF61AC]
(No symbol) [0x00DF1EF3]
(No symbol) [0x00DF0579]
(No symbol) [0x00E20C55]
(No symbol) [0x00E2093C]
(No symbol) [0x00E1A536]
(No symbol) [0x00DF82DC]
(No symbol) [0x00DF93DD]
GetHandleVerifier [0x0119AABD+2539405]
GetHandleVerifier [0x011DA78F+2800735]
GetHandleVerifier [0x011D456C+2775612]
GetHandleVerifier [0x00FC51E0+616112]
(No symbol) [0x00ED5F8C]
(No symbol) [0x00ED2328]
(No symbol) [0x00ED240B]
(No symbol) [0x00EC4FF7]
BaseThreadInitThunk [0x775500C9+25]
RtlGetAppContainerNamedObjectPath [0x776E7B4E+286]
RtlGetAppContainerNamedObjectPath [0x776E7B1E+238]

at org.openqa.selenium.remote.W3CHandshakeResponse.lambda$errorHandler$0(W3CHandshakeResponse.java:62)
at org.openqa.selenium.remote.HandshakeResponse.lambda$getResponseFunction$0(HandshakeResponse.java:30)
at org.openqa.selenium.remote.ProtocolHandshake.lambda$createSession$0(ProtocolHandshake.java:126)
at java.base/java.util.stream.ReferencePipeline$3$1.accept(ReferencePipeline.java:197)
at java.base/java.util.Spliterators$ArraySpliterator.tryAdvance(Spliterators.java:1002)
at java.base/java.util.stream.ReferencePipeline.forEachWithCancel(ReferencePipeline.java:129)
at java.base/java.util.stream.AbstractPipeline.copyIntoWithCancel(AbstractPipeline.java:527)
at java.base/java.util.stream.AbstractPipeline.copyInto(AbstractPipeline.java:513)
at java.base/java.util.stream.AbstractPipeline.wrapAndCopyInto(AbstractPipeline.java:499)
at java.base/java.util.stream.FindOps$FindOp.evaluateSequential(FindOps.java:150)
at java.base/java.util.stream.AbstractPipeline.evaluate(AbstractPipeline.java:234)
at java.base/java.util.stream.ReferencePipeline.findFirst(ReferencePipeline.java:647)
at org.openqa.selenium.remote.ProtocolHandshake.createSession(ProtocolHandshake.java:128)
at org.openqa.selenium.remote.ProtocolHandshake.createSession(ProtocolHandshake.java:74)
at org.openqa.selenium.remote.HttpCommandExecutor.execute(HttpCommandExecutor.java:136)
at org.openqa.selenium.remote.service.DriverCommandExecutor.execute(DriverCommandExecutor.java:83)
at org.openqa.selenium.remote.RemoteWebDriver.execute(RemoteWebDriver.java:552)
at org.openqa.selenium.remote.RemoteWebDriver.startSession(RemoteWebDriver.java:213)
at org.openqa.selenium.remote.RemoteWebDriver.<init>(RemoteWebDriver.java:131)
at org.openqa.selenium.chrome.ChromeDriver.<init>(ChromeDriver.java:181)
at org.openqa.selenium.chrome.ChromeDriver.<init>(ChromeDriver.java:168)
at org.openqa.selenium.chrome.ChromeDriver.<init>(ChromeDriver.java:123)
at Steps.SearchItems.i_am_on_the_google_homepage(SearchItems.java:25)
at ✽.i am on the google homepage(file:///C:/Users/shour/eclipse-workspace/com.google.serchMachine/Features/searchItems.feature:5)
... Removed 5 stack frames]]>
    </failure>
  </testcase> <!-- runScenario -->
  <testcase classname="io.cucumber.testng.AbstractTestNGCucumberTests" name="runScenario" time="1.711">
    <failure type="org.openqa.selenium.SessionNotCreatedException" message="session not created: This version of ChromeDriver only supports Chrome version 114
Current browser version is 118.0.5993.88 with binary path C:\Program Files\Google\Chrome\Application\chrome.exe
Build info: version: &amp;apos;3.141.59&amp;apos;, revision: &amp;apos;e82be7d358&amp;apos;, time: &amp;apos;2018-11-14T08:17:03&amp;apos;
System info: host: &amp;apos;LAPTOP-0JO53AU0&amp;apos;, ip: &amp;apos;192.168.1.188&amp;apos;, os.name: &amp;apos;Windows 10&amp;apos;, os.arch: &amp;apos;amd64&amp;apos;, os.version: &amp;apos;10.0&amp;apos;, java.version: &amp;apos;17.0.7&amp;apos;
Driver info: driver.version: ChromeDriver
remote stacktrace: Backtrace:
	GetHandleVerifier [0x00F3A813+48355]
	(No symbol) [0x00ECC4B1]
	(No symbol) [0x00DD5358]
	(No symbol) [0x00DF61AC]
	(No symbol) [0x00DF1EF3]
	(No symbol) [0x00DF0579]
	(No symbol) [0x00E20C55]
	(No symbol) [0x00E2093C]
	(No symbol) [0x00E1A536]
	(No symbol) [0x00DF82DC]
	(No symbol) [0x00DF93DD]
	GetHandleVerifier [0x0119AABD+2539405]
	GetHandleVerifier [0x011DA78F+2800735]
	GetHandleVerifier [0x011D456C+2775612]
	GetHandleVerifier [0x00FC51E0+616112]
	(No symbol) [0x00ED5F8C]
	(No symbol) [0x00ED2328]
	(No symbol) [0x00ED240B]
	(No symbol) [0x00EC4FF7]
	BaseThreadInitThunk [0x775500C9+25]
	RtlGetAppContainerNamedObjectPath [0x776E7B4E+286]
	RtlGetAppContainerNamedObjectPath [0x776E7B1E+238]
">
      <![CDATA[org.openqa.selenium.SessionNotCreatedException: session not created: This version of ChromeDriver only supports Chrome version 114
Current browser version is 118.0.5993.88 with binary path C:\Program Files\Google\Chrome\Application\chrome.exe
Build info: version: '3.141.59', revision: 'e82be7d358', time: '2018-11-14T08:17:03'
System info: host: 'LAPTOP-0JO53AU0', ip: '192.168.1.188', os.name: 'Windows 10', os.arch: 'amd64', os.version: '10.0', java.version: '17.0.7'
Driver info: driver.version: ChromeDriver
remote stacktrace: Backtrace:
GetHandleVerifier [0x00F3A813+48355]
(No symbol) [0x00ECC4B1]
(No symbol) [0x00DD5358]
(No symbol) [0x00DF61AC]
(No symbol) [0x00DF1EF3]
(No symbol) [0x00DF0579]
(No symbol) [0x00E20C55]
(No symbol) [0x00E2093C]
(No symbol) [0x00E1A536]
(No symbol) [0x00DF82DC]
(No symbol) [0x00DF93DD]
GetHandleVerifier [0x0119AABD+2539405]
GetHandleVerifier [0x011DA78F+2800735]
GetHandleVerifier [0x011D456C+2775612]
GetHandleVerifier [0x00FC51E0+616112]
(No symbol) [0x00ED5F8C]
(No symbol) [0x00ED2328]
(No symbol) [0x00ED240B]
(No symbol) [0x00EC4FF7]
BaseThreadInitThunk [0x775500C9+25]
RtlGetAppContainerNamedObjectPath [0x776E7B4E+286]
RtlGetAppContainerNamedObjectPath [0x776E7B1E+238]

at org.openqa.selenium.remote.W3CHandshakeResponse.lambda$errorHandler$0(W3CHandshakeResponse.java:62)
at org.openqa.selenium.remote.HandshakeResponse.lambda$getResponseFunction$0(HandshakeResponse.java:30)
at org.openqa.selenium.remote.ProtocolHandshake.lambda$createSession$0(ProtocolHandshake.java:126)
at java.base/java.util.stream.ReferencePipeline$3$1.accept(ReferencePipeline.java:197)
at java.base/java.util.Spliterators$ArraySpliterator.tryAdvance(Spliterators.java:1002)
at java.base/java.util.stream.ReferencePipeline.forEachWithCancel(ReferencePipeline.java:129)
at java.base/java.util.stream.AbstractPipeline.copyIntoWithCancel(AbstractPipeline.java:527)
at java.base/java.util.stream.AbstractPipeline.copyInto(AbstractPipeline.java:513)
at java.base/java.util.stream.AbstractPipeline.wrapAndCopyInto(AbstractPipeline.java:499)
at java.base/java.util.stream.FindOps$FindOp.evaluateSequential(FindOps.java:150)
at java.base/java.util.stream.AbstractPipeline.evaluate(AbstractPipeline.java:234)
at java.base/java.util.stream.ReferencePipeline.findFirst(ReferencePipeline.java:647)
at org.openqa.selenium.remote.ProtocolHandshake.createSession(ProtocolHandshake.java:128)
at org.openqa.selenium.remote.ProtocolHandshake.createSession(ProtocolHandshake.java:74)
at org.openqa.selenium.remote.HttpCommandExecutor.execute(HttpCommandExecutor.java:136)
at org.openqa.selenium.remote.service.DriverCommandExecutor.execute(DriverCommandExecutor.java:83)
at org.openqa.selenium.remote.RemoteWebDriver.execute(RemoteWebDriver.java:552)
at org.openqa.selenium.remote.RemoteWebDriver.startSession(RemoteWebDriver.java:213)
at org.openqa.selenium.remote.RemoteWebDriver.<init>(RemoteWebDriver.java:131)
at org.openqa.selenium.chrome.ChromeDriver.<init>(ChromeDriver.java:181)
at org.openqa.selenium.chrome.ChromeDriver.<init>(ChromeDriver.java:168)
at org.openqa.selenium.chrome.ChromeDriver.<init>(ChromeDriver.java:123)
at Steps.SearchItems.i_am_on_the_google_homepage(SearchItems.java:25)
at ✽.i am on the google homepage(file:///C:/Users/shour/eclipse-workspace/com.google.serchMachine/Features/searchItems.feature:5)
... Removed 5 stack frames]]>
    </failure>
  </testcase> <!-- runScenario -->
</testsuite> <!-- Nopackage -->
