<?xml version="1.0" encoding="UTF-8"?>
<testng-results ignored="0" total="3" passed="3" failed="0" skipped="0">
  <reporter-output>
  </reporter-output>
  <suite started-at="2023-10-29T18:03:42Z" name="Suite1" finished-at="2023-10-29T18:04:27Z" duration-ms="44192">
    <groups>
      <group name="cucumber">
        <method signature="AbstractTestNGCucumberTests.runScenario(io.cucumber.testng.PickleWrapper, io.cucumber.testng.FeatureWrapper)[pri:0, instance:Runner.TestRunner@600b90df]" name="runScenario" class="io.cucumber.testng.AbstractTestNGCucumberTests"/>
      </group> <!-- cucumber -->
    </groups>
    <test started-at="2023-10-29T18:03:42Z" name="Nopackage" finished-at="2023-10-29T18:04:27Z" duration-ms="44192">
      <class name="Runner.TestRunner">
        <test-method is-config="true" signature="setUpClass(org.testng.ITestContext)[pri:0, instance:Runner.TestRunner@600b90df]" started-at="2023-10-29T18:03:42Z" name="setUpClass" finished-at="2023-10-29T18:03:43Z" duration-ms="1129" status="PASS">
          <params>
            <param index="0">
              <value>
                <![CDATA[org.testng.TestRunner@1835dc92]]>
              </value>
            </param>
          </params>
          <reporter-output>
          </reporter-output>
        </test-method> <!-- setUpClass -->
        <test-method signature="runScenario(io.cucumber.testng.PickleWrapper, io.cucumber.testng.FeatureWrapper)[pri:0, instance:Runner.TestRunner@600b90df]" started-at="2023-10-29T18:03:44Z" name="runScenario" description="Runs Cucumber Scenarios" data-provider="scenarios" finished-at="2023-10-29T18:04:05Z" duration-ms="21429" status="PASS">
          <params>
            <param index="0">
              <value>
                <![CDATA["serching products in google"]]>
              </value>
            </param>
            <param index="1">
              <value>
                <![CDATA["serching products"]]>
              </value>
            </param>
          </params>
          <reporter-output>
          </reporter-output>
        </test-method> <!-- runScenario -->
        <test-method signature="runScenario(io.cucumber.testng.PickleWrapper, io.cucumber.testng.FeatureWrapper)[pri:0, instance:Runner.TestRunner@600b90df]" started-at="2023-10-29T18:04:05Z" name="runScenario" description="Runs Cucumber Scenarios" data-provider="scenarios" finished-at="2023-10-29T18:04:18Z" duration-ms="12570" status="PASS">
          <params>
            <param index="0">
              <value>
                <![CDATA["serching products in google"]]>
              </value>
            </param>
            <param index="1">
              <value>
                <![CDATA["serching products"]]>
              </value>
            </param>
          </params>
          <reporter-output>
          </reporter-output>
        </test-method> <!-- runScenario -->
        <test-method signature="runScenario(io.cucumber.testng.PickleWrapper, io.cucumber.testng.FeatureWrapper)[pri:0, instance:Runner.TestRunner@600b90df]" started-at="2023-10-29T18:04:18Z" name="runScenario" description="Runs Cucumber Scenarios" data-provider="scenarios" finished-at="2023-10-29T18:04:26Z" duration-ms="8958" status="PASS">
          <params>
            <param index="0">
              <value>
                <![CDATA["serching products in google"]]>
              </value>
            </param>
            <param index="1">
              <value>
                <![CDATA["serching products"]]>
              </value>
            </param>
          </params>
          <reporter-output>
          </reporter-output>
        </test-method> <!-- runScenario -->
        <test-method is-config="true" signature="tearDownClass()[pri:0, instance:Runner.TestRunner@600b90df]" started-at="2023-10-29T18:04:26Z" name="tearDownClass" finished-at="2023-10-29T18:04:27Z" duration-ms="19" status="PASS">
          <reporter-output>
          </reporter-output>
        </test-method> <!-- tearDownClass -->
      </class> <!-- Runner.TestRunner -->
    </test> <!-- Nopackage -->
  </suite> <!-- Suite1 -->
</testng-results>
