<?xml version="1.0" encoding="UTF-8"?>
<!-- Generated by org.testng.reporters.JUnitReportReporter -->
<testsuite hostname="LAPTOP-0JO53AU0" failures="0" tests="3" name="Runner.TestRunner" time="6.629" errors="3" timestamp="18 Oct 2023 22:05:21 GMT" skipped="0">
  <testcase classname="Runner.TestRunner" name="runScenario" time="3.303">
    <error message="session not created: This version of ChromeDriver only supports Chrome version 114
Current browser version is 118.0.5993.88 with binary path C:\Program Files\Google\Chrome\Application\chrome.exe
Build info: version: &#039;3.141.59&#039;, revision: &#039;e82be7d358&#039;, time: &#039;2018-11-14T08:17:03&#039;
System info: host: &#039;LAPTOP-0JO53AU0&#039;, ip: &#039;192.168.1.188&#039;, os.name: &#039;Windows 10&#039;, os.arch: &#039;amd64&#039;, os.version: &#039;10.0&#039;, java.version: &#039;17.0.7&#039;
Driver info: driver.version: ChromeDriver
remote stacktrace: Backtrace:
	GetHandleVerifier [0x00F3A813+48355]
	(No symbol) [0x00ECC4B1]
	(No symbol) [0x00DD5358]
	(No symbol) [0x00DF61AC]
	(No symbol) [0x00DF1EF3]
	(No symbol) [0x00DF0579]
	(No symbol) [0x00E20C55]
	(No symbol) [0x00E2093C]
	(No symbol) [0x00E1A536]
	(No symbol) [0x00DF82DC]
	(No symbol) [0x00DF93DD]
	GetHandleVerifier [0x0119AABD+2539405]
	GetHandleVerifier [0x011DA78F+2800735]
	GetHandleVerifier [0x011D456C+2775612]
	GetHandleVerifier [0x00FC51E0+616112]
	(No symbol) [0x00ED5F8C]
	(No symbol) [0x00ED2328]
	(No symbol) [0x00ED240B]
	(No symbol) [0x00EC4FF7]
	BaseThreadInitThunk [0x775500C9+25]
	RtlGetAppContainerNamedObjectPath [0x776E7B4E+286]
	RtlGetAppContainerNamedObjectPath [0x776E7B1E+238]
" type="org.openqa.selenium.SessionNotCreatedException">
      <![CDATA[org.openqa.selenium.SessionNotCreatedException: session not created: This version of ChromeDriver only supports Chrome version 114
Current browser version is 118.0.5993.88 with binary path C:\Program Files\Google\Chrome\Application\chrome.exe
Build info: version: '3.141.59', revision: 'e82be7d358', time: '2018-11-14T08:17:03'
System info: host: 'LAPTOP-0JO53AU0', ip: '192.168.1.188', os.name: 'Windows 10', os.arch: 'amd64', os.version: '10.0', java.version: '17.0.7'
Driver info: driver.version: ChromeDriver
remote stacktrace: Backtrace:
GetHandleVerifier [0x00F3A813+48355]
(No symbol) [0x00ECC4B1]
(No symbol) [0x00DD5358]
(No symbol) [0x00DF61AC]
(No symbol) [0x00DF1EF3]
(No symbol) [0x00DF0579]
(No symbol) [0x00E20C55]
(No symbol) [0x00E2093C]
(No symbol) [0x00E1A536]
(No symbol) [0x00DF82DC]
(No symbol) [0x00DF93DD]
GetHandleVerifier [0x0119AABD+2539405]
GetHandleVerifier [0x011DA78F+2800735]
GetHandleVerifier [0x011D456C+2775612]
GetHandleVerifier [0x00FC51E0+616112]
(No symbol) [0x00ED5F8C]
(No symbol) [0x00ED2328]
(No symbol) [0x00ED240B]
(No symbol) [0x00EC4FF7]
BaseThreadInitThunk [0x775500C9+25]
RtlGetAppContainerNamedObjectPath [0x776E7B4E+286]
RtlGetAppContainerNamedObjectPath [0x776E7B1E+238]

at java.base/jdk.internal.reflect.NativeConstructorAccessorImpl.newInstance0(Native Method)
at java.base/jdk.internal.reflect.NativeConstructorAccessorImpl.newInstance(NativeConstructorAccessorImpl.java:77)
at java.base/jdk.internal.reflect.DelegatingConstructorAccessorImpl.newInstance(DelegatingConstructorAccessorImpl.java:45)
at java.base/java.lang.reflect.Constructor.newInstanceWithCaller(Constructor.java:499)
at java.base/java.lang.reflect.Constructor.newInstance(Constructor.java:480)
at org.openqa.selenium.remote.W3CHandshakeResponse.lambda$errorHandler$0(W3CHandshakeResponse.java:62)
at org.openqa.selenium.remote.HandshakeResponse.lambda$getResponseFunction$0(HandshakeResponse.java:30)
at org.openqa.selenium.remote.ProtocolHandshake.lambda$createSession$0(ProtocolHandshake.java:126)
at java.base/java.util.stream.ReferencePipeline$3$1.accept(ReferencePipeline.java:197)
at java.base/java.util.Spliterators$ArraySpliterator.tryAdvance(Spliterators.java:1002)
at java.base/java.util.stream.ReferencePipeline.forEachWithCancel(ReferencePipeline.java:129)
at java.base/java.util.stream.AbstractPipeline.copyIntoWithCancel(AbstractPipeline.java:527)
at java.base/java.util.stream.AbstractPipeline.copyInto(AbstractPipeline.java:513)
at java.base/java.util.stream.AbstractPipeline.wrapAndCopyInto(AbstractPipeline.java:499)
at java.base/java.util.stream.FindOps$FindOp.evaluateSequential(FindOps.java:150)
at java.base/java.util.stream.AbstractPipeline.evaluate(AbstractPipeline.java:234)
at java.base/java.util.stream.ReferencePipeline.findFirst(ReferencePipeline.java:647)
at org.openqa.selenium.remote.ProtocolHandshake.createSession(ProtocolHandshake.java:128)
at org.openqa.selenium.remote.ProtocolHandshake.createSession(ProtocolHandshake.java:74)
at org.openqa.selenium.remote.HttpCommandExecutor.execute(HttpCommandExecutor.java:136)
at org.openqa.selenium.remote.service.DriverCommandExecutor.execute(DriverCommandExecutor.java:83)
at org.openqa.selenium.remote.RemoteWebDriver.execute(RemoteWebDriver.java:552)
at org.openqa.selenium.remote.RemoteWebDriver.startSession(RemoteWebDriver.java:213)
at org.openqa.selenium.remote.RemoteWebDriver.<init>(RemoteWebDriver.java:131)
at org.openqa.selenium.chrome.ChromeDriver.<init>(ChromeDriver.java:181)
at org.openqa.selenium.chrome.ChromeDriver.<init>(ChromeDriver.java:168)
at org.openqa.selenium.chrome.ChromeDriver.<init>(ChromeDriver.java:123)
at Steps.SearchItems.i_am_on_the_google_homepage(SearchItems.java:25)
at ✽.i am on the google homepage(file:///C:/Users/shour/eclipse-workspace/com.google.serchMachine/Features/searchItems.feature:5)
]]>
    </error>
  </testcase> <!-- runScenario -->
  <testcase classname="Runner.TestRunner" name="runScenario" time="1.711">
    <error message="session not created: This version of ChromeDriver only supports Chrome version 114
Current browser version is 118.0.5993.88 with binary path C:\Program Files\Google\Chrome\Application\chrome.exe
Build info: version: &#039;3.141.59&#039;, revision: &#039;e82be7d358&#039;, time: &#039;2018-11-14T08:17:03&#039;
System info: host: &#039;LAPTOP-0JO53AU0&#039;, ip: &#039;192.168.1.188&#039;, os.name: &#039;Windows 10&#039;, os.arch: &#039;amd64&#039;, os.version: &#039;10.0&#039;, java.version: &#039;17.0.7&#039;
Driver info: driver.version: ChromeDriver
remote stacktrace: Backtrace:
	GetHandleVerifier [0x00F3A813+48355]
	(No symbol) [0x00ECC4B1]
	(No symbol) [0x00DD5358]
	(No symbol) [0x00DF61AC]
	(No symbol) [0x00DF1EF3]
	(No symbol) [0x00DF0579]
	(No symbol) [0x00E20C55]
	(No symbol) [0x00E2093C]
	(No symbol) [0x00E1A536]
	(No symbol) [0x00DF82DC]
	(No symbol) [0x00DF93DD]
	GetHandleVerifier [0x0119AABD+2539405]
	GetHandleVerifier [0x011DA78F+2800735]
	GetHandleVerifier [0x011D456C+2775612]
	GetHandleVerifier [0x00FC51E0+616112]
	(No symbol) [0x00ED5F8C]
	(No symbol) [0x00ED2328]
	(No symbol) [0x00ED240B]
	(No symbol) [0x00EC4FF7]
	BaseThreadInitThunk [0x775500C9+25]
	RtlGetAppContainerNamedObjectPath [0x776E7B4E+286]
	RtlGetAppContainerNamedObjectPath [0x776E7B1E+238]
" type="org.openqa.selenium.SessionNotCreatedException">
      <![CDATA[org.openqa.selenium.SessionNotCreatedException: session not created: This version of ChromeDriver only supports Chrome version 114
Current browser version is 118.0.5993.88 with binary path C:\Program Files\Google\Chrome\Application\chrome.exe
Build info: version: '3.141.59', revision: 'e82be7d358', time: '2018-11-14T08:17:03'
System info: host: 'LAPTOP-0JO53AU0', ip: '192.168.1.188', os.name: 'Windows 10', os.arch: 'amd64', os.version: '10.0', java.version: '17.0.7'
Driver info: driver.version: ChromeDriver
remote stacktrace: Backtrace:
GetHandleVerifier [0x00F3A813+48355]
(No symbol) [0x00ECC4B1]
(No symbol) [0x00DD5358]
(No symbol) [0x00DF61AC]
(No symbol) [0x00DF1EF3]
(No symbol) [0x00DF0579]
(No symbol) [0x00E20C55]
(No symbol) [0x00E2093C]
(No symbol) [0x00E1A536]
(No symbol) [0x00DF82DC]
(No symbol) [0x00DF93DD]
GetHandleVerifier [0x0119AABD+2539405]
GetHandleVerifier [0x011DA78F+2800735]
GetHandleVerifier [0x011D456C+2775612]
GetHandleVerifier [0x00FC51E0+616112]
(No symbol) [0x00ED5F8C]
(No symbol) [0x00ED2328]
(No symbol) [0x00ED240B]
(No symbol) [0x00EC4FF7]
BaseThreadInitThunk [0x775500C9+25]
RtlGetAppContainerNamedObjectPath [0x776E7B4E+286]
RtlGetAppContainerNamedObjectPath [0x776E7B1E+238]

at java.base/jdk.internal.reflect.NativeConstructorAccessorImpl.newInstance0(Native Method)
at java.base/jdk.internal.reflect.NativeConstructorAccessorImpl.newInstance(NativeConstructorAccessorImpl.java:77)
at java.base/jdk.internal.reflect.DelegatingConstructorAccessorImpl.newInstance(DelegatingConstructorAccessorImpl.java:45)
at java.base/java.lang.reflect.Constructor.newInstanceWithCaller(Constructor.java:499)
at java.base/java.lang.reflect.Constructor.newInstance(Constructor.java:480)
at org.openqa.selenium.remote.W3CHandshakeResponse.lambda$errorHandler$0(W3CHandshakeResponse.java:62)
at org.openqa.selenium.remote.HandshakeResponse.lambda$getResponseFunction$0(HandshakeResponse.java:30)
at org.openqa.selenium.remote.ProtocolHandshake.lambda$createSession$0(ProtocolHandshake.java:126)
at java.base/java.util.stream.ReferencePipeline$3$1.accept(ReferencePipeline.java:197)
at java.base/java.util.Spliterators$ArraySpliterator.tryAdvance(Spliterators.java:1002)
at java.base/java.util.stream.ReferencePipeline.forEachWithCancel(ReferencePipeline.java:129)
at java.base/java.util.stream.AbstractPipeline.copyIntoWithCancel(AbstractPipeline.java:527)
at java.base/java.util.stream.AbstractPipeline.copyInto(AbstractPipeline.java:513)
at java.base/java.util.stream.AbstractPipeline.wrapAndCopyInto(AbstractPipeline.java:499)
at java.base/java.util.stream.FindOps$FindOp.evaluateSequential(FindOps.java:150)
at java.base/java.util.stream.AbstractPipeline.evaluate(AbstractPipeline.java:234)
at java.base/java.util.stream.ReferencePipeline.findFirst(ReferencePipeline.java:647)
at org.openqa.selenium.remote.ProtocolHandshake.createSession(ProtocolHandshake.java:128)
at org.openqa.selenium.remote.ProtocolHandshake.createSession(ProtocolHandshake.java:74)
at org.openqa.selenium.remote.HttpCommandExecutor.execute(HttpCommandExecutor.java:136)
at org.openqa.selenium.remote.service.DriverCommandExecutor.execute(DriverCommandExecutor.java:83)
at org.openqa.selenium.remote.RemoteWebDriver.execute(RemoteWebDriver.java:552)
at org.openqa.selenium.remote.RemoteWebDriver.startSession(RemoteWebDriver.java:213)
at org.openqa.selenium.remote.RemoteWebDriver.<init>(RemoteWebDriver.java:131)
at org.openqa.selenium.chrome.ChromeDriver.<init>(ChromeDriver.java:181)
at org.openqa.selenium.chrome.ChromeDriver.<init>(ChromeDriver.java:168)
at org.openqa.selenium.chrome.ChromeDriver.<init>(ChromeDriver.java:123)
at Steps.SearchItems.i_am_on_the_google_homepage(SearchItems.java:25)
at ✽.i am on the google homepage(file:///C:/Users/shour/eclipse-workspace/com.google.serchMachine/Features/searchItems.feature:5)
]]>
    </error>
  </testcase> <!-- runScenario -->
  <testcase classname="Runner.TestRunner" name="runScenario" time="1.615">
    <error message="session not created: This version of ChromeDriver only supports Chrome version 114
Current browser version is 118.0.5993.88 with binary path C:\Program Files\Google\Chrome\Application\chrome.exe
Build info: version: &#039;3.141.59&#039;, revision: &#039;e82be7d358&#039;, time: &#039;2018-11-14T08:17:03&#039;
System info: host: &#039;LAPTOP-0JO53AU0&#039;, ip: &#039;192.168.1.188&#039;, os.name: &#039;Windows 10&#039;, os.arch: &#039;amd64&#039;, os.version: &#039;10.0&#039;, java.version: &#039;17.0.7&#039;
Driver info: driver.version: ChromeDriver
remote stacktrace: Backtrace:
	GetHandleVerifier [0x00F3A813+48355]
	(No symbol) [0x00ECC4B1]
	(No symbol) [0x00DD5358]
	(No symbol) [0x00DF61AC]
	(No symbol) [0x00DF1EF3]
	(No symbol) [0x00DF0579]
	(No symbol) [0x00E20C55]
	(No symbol) [0x00E2093C]
	(No symbol) [0x00E1A536]
	(No symbol) [0x00DF82DC]
	(No symbol) [0x00DF93DD]
	GetHandleVerifier [0x0119AABD+2539405]
	GetHandleVerifier [0x011DA78F+2800735]
	GetHandleVerifier [0x011D456C+2775612]
	GetHandleVerifier [0x00FC51E0+616112]
	(No symbol) [0x00ED5F8C]
	(No symbol) [0x00ED2328]
	(No symbol) [0x00ED240B]
	(No symbol) [0x00EC4FF7]
	BaseThreadInitThunk [0x775500C9+25]
	RtlGetAppContainerNamedObjectPath [0x776E7B4E+286]
	RtlGetAppContainerNamedObjectPath [0x776E7B1E+238]
" type="org.openqa.selenium.SessionNotCreatedException">
      <![CDATA[org.openqa.selenium.SessionNotCreatedException: session not created: This version of ChromeDriver only supports Chrome version 114
Current browser version is 118.0.5993.88 with binary path C:\Program Files\Google\Chrome\Application\chrome.exe
Build info: version: '3.141.59', revision: 'e82be7d358', time: '2018-11-14T08:17:03'
System info: host: 'LAPTOP-0JO53AU0', ip: '192.168.1.188', os.name: 'Windows 10', os.arch: 'amd64', os.version: '10.0', java.version: '17.0.7'
Driver info: driver.version: ChromeDriver
remote stacktrace: Backtrace:
GetHandleVerifier [0x00F3A813+48355]
(No symbol) [0x00ECC4B1]
(No symbol) [0x00DD5358]
(No symbol) [0x00DF61AC]
(No symbol) [0x00DF1EF3]
(No symbol) [0x00DF0579]
(No symbol) [0x00E20C55]
(No symbol) [0x00E2093C]
(No symbol) [0x00E1A536]
(No symbol) [0x00DF82DC]
(No symbol) [0x00DF93DD]
GetHandleVerifier [0x0119AABD+2539405]
GetHandleVerifier [0x011DA78F+2800735]
GetHandleVerifier [0x011D456C+2775612]
GetHandleVerifier [0x00FC51E0+616112]
(No symbol) [0x00ED5F8C]
(No symbol) [0x00ED2328]
(No symbol) [0x00ED240B]
(No symbol) [0x00EC4FF7]
BaseThreadInitThunk [0x775500C9+25]
RtlGetAppContainerNamedObjectPath [0x776E7B4E+286]
RtlGetAppContainerNamedObjectPath [0x776E7B1E+238]

at java.base/jdk.internal.reflect.NativeConstructorAccessorImpl.newInstance0(Native Method)
at java.base/jdk.internal.reflect.NativeConstructorAccessorImpl.newInstance(NativeConstructorAccessorImpl.java:77)
at java.base/jdk.internal.reflect.DelegatingConstructorAccessorImpl.newInstance(DelegatingConstructorAccessorImpl.java:45)
at java.base/java.lang.reflect.Constructor.newInstanceWithCaller(Constructor.java:499)
at java.base/java.lang.reflect.Constructor.newInstance(Constructor.java:480)
at org.openqa.selenium.remote.W3CHandshakeResponse.lambda$errorHandler$0(W3CHandshakeResponse.java:62)
at org.openqa.selenium.remote.HandshakeResponse.lambda$getResponseFunction$0(HandshakeResponse.java:30)
at org.openqa.selenium.remote.ProtocolHandshake.lambda$createSession$0(ProtocolHandshake.java:126)
at java.base/java.util.stream.ReferencePipeline$3$1.accept(ReferencePipeline.java:197)
at java.base/java.util.Spliterators$ArraySpliterator.tryAdvance(Spliterators.java:1002)
at java.base/java.util.stream.ReferencePipeline.forEachWithCancel(ReferencePipeline.java:129)
at java.base/java.util.stream.AbstractPipeline.copyIntoWithCancel(AbstractPipeline.java:527)
at java.base/java.util.stream.AbstractPipeline.copyInto(AbstractPipeline.java:513)
at java.base/java.util.stream.AbstractPipeline.wrapAndCopyInto(AbstractPipeline.java:499)
at java.base/java.util.stream.FindOps$FindOp.evaluateSequential(FindOps.java:150)
at java.base/java.util.stream.AbstractPipeline.evaluate(AbstractPipeline.java:234)
at java.base/java.util.stream.ReferencePipeline.findFirst(ReferencePipeline.java:647)
at org.openqa.selenium.remote.ProtocolHandshake.createSession(ProtocolHandshake.java:128)
at org.openqa.selenium.remote.ProtocolHandshake.createSession(ProtocolHandshake.java:74)
at org.openqa.selenium.remote.HttpCommandExecutor.execute(HttpCommandExecutor.java:136)
at org.openqa.selenium.remote.service.DriverCommandExecutor.execute(DriverCommandExecutor.java:83)
at org.openqa.selenium.remote.RemoteWebDriver.execute(RemoteWebDriver.java:552)
at org.openqa.selenium.remote.RemoteWebDriver.startSession(RemoteWebDriver.java:213)
at org.openqa.selenium.remote.RemoteWebDriver.<init>(RemoteWebDriver.java:131)
at org.openqa.selenium.chrome.ChromeDriver.<init>(ChromeDriver.java:181)
at org.openqa.selenium.chrome.ChromeDriver.<init>(ChromeDriver.java:168)
at org.openqa.selenium.chrome.ChromeDriver.<init>(ChromeDriver.java:123)
at Steps.SearchItems.i_am_on_the_google_homepage(SearchItems.java:25)
at ✽.i am on the google homepage(file:///C:/Users/shour/eclipse-workspace/com.google.serchMachine/Features/searchItems.feature:5)
]]>
    </error>
  </testcase> <!-- runScenario -->
</testsuite> <!-- Runner.TestRunner -->
